<?xml version="1.0" encoding="UTF-8"?>
<testsuite name="snake.basic.WrapAroundTests" tests="4" skipped="0" failures="0" errors="0" timestamp="2023-09-17T16:20:36" hostname="TANA" time="0.021">
  <properties/>
  <testcase name="testWrapAroundEast" classname="snake.basic.WrapAroundTests" time="0.005"/>
  <testcase name="testWrapAroundSouth" classname="snake.basic.WrapAroundTests" time="0.005"/>
  <testcase name="testWrapAroundNorth" classname="snake.basic.WrapAroundTests" time="0.003"/>
  <testcase name="testWrapAroundWest" classname="snake.basic.WrapAroundTests" time="0.005"/>
  <system-out><![CDATA[]]></system-out>
  <system-err><![CDATA[]]></system-err>
</testsuite>
