<?xml version="1.0" encoding="UTF-8"?>
<testsuite name="snake.basic.DeathTests" tests="3" skipped="0" failures="0" errors="0" timestamp="2023-09-17T16:20:36" hostname="TANA" time="0.033">
  <properties/>
  <testcase name="testGameOver" classname="snake.basic.DeathTests" time="0.01"/>
  <testcase name="testPreciselyDoesNotDie" classname="snake.basic.DeathTests" time="0.012"/>
  <testcase name="testNoEscapeGameOver" classname="snake.basic.DeathTests" time="0.008"/>
  <system-out><![CDATA[]]></system-out>
  <system-err><![CDATA[]]></system-err>
</testsuite>
