<?xml version="1.0" encoding="UTF-8"?>
<testsuite name="snake.basic.WrapAroundTests" tests="4" skipped="0" failures="0" errors="0" timestamp="2023-09-13T14:37:05" hostname="TANA" time="0.052">
  <properties/>
  <testcase name="testWrapAroundEast" classname="snake.basic.WrapAroundTests" time="0.007"/>
  <testcase name="testWrapAroundSouth" classname="snake.basic.WrapAroundTests" time="0.014"/>
  <testcase name="testWrapAroundNorth" classname="snake.basic.WrapAroundTests" time="0.006"/>
  <testcase name="testWrapAroundWest" classname="snake.basic.WrapAroundTests" time="0.011"/>
  <system-out><![CDATA[Empty()
Empty()
Empty()
Empty()
Empty()
Empty()
Empty()
Empty()
Empty()
Empty()
Empty()
Empty()
Empty()
Empty()
Empty()
Empty()
Empty()
Empty()
Empty()
Empty()
Empty()
Empty()
Empty()
Empty()
Empty()
]]></system-out>
  <system-err><![CDATA[]]></system-err>
</testsuite>
