<?xml version="1.0" encoding="UTF-8"?>
<testsuite name="snake.basic.NoReverseTest" tests="1" skipped="0" failures="0" errors="0" timestamp="2023-09-13T14:37:05" hostname="TANA" time="0.026">
  <properties/>
  <testcase name="TestNoReverseMode" classname="snake.basic.NoReverseTest" time="0.026"/>
  <system-out><![CDATA[Empty()
Empty()
Empty()
Empty()
Empty()
Empty()
Empty()
Empty()
Empty()
Empty()
Empty()
Empty()
Empty()
You got 12/26 points!
Your grade for the snake exercise will be : 2.54
]]></system-out>
  <system-err><![CDATA[]]></system-err>
</testsuite>
