<?xml version="1.0" encoding="UTF-8"?>
<testsuite name="snake.basic.MovementTests" tests="5" skipped="0" failures="0" errors="0" timestamp="2023-09-24T16:55:38" hostname="TANA" time="0.014">
  <properties/>
  <testcase name="testMove" classname="snake.basic.MovementTests" time="0.001"/>
  <testcase name="testChangeDirs" classname="snake.basic.MovementTests" time="0.006"/>
  <testcase name="testIgnoreEatHead" classname="snake.basic.MovementTests" time="0.001"/>
  <testcase name="testQuickSwitch" classname="snake.basic.MovementTests" time="0.002"/>
  <testcase name="testQuickSwitch2" classname="snake.basic.MovementTests" time="0.002"/>
  <system-out><![CDATA[]]></system-out>
  <system-err><![CDATA[]]></system-err>
</testsuite>
